<?xml version="1.0" encoding="UTF-8"?>
<testsuite xmlns:xsi="http://www.w3.org/2001/XMLSchema-instance" xsi:noNamespaceSchemaLocation="https://maven.apache.org/surefire/maven-surefire-plugin/xsd/surefire-test-report-3.0.xsd" version="3.0" name="com.lethanh.rentalhouse.RentalHouseApplicationTests" time="4.401" tests="1" errors="0" skipped="0" failures="0">
  <properties>
[...]
</properties>
  <testcase name="contextLoads" classname="com.lethanh.rentalhouse.RentalHouseApplicationTests" time="0.211">
    <system-out><![CDATA[17:08:51.802 [main] DEBUG org.springframework.boot.test.context.SpringBootTestContextBootstrapper -- Neither @ContextConfiguration nor @ContextHierarchy found for test class [RentalHouseApplicationTests]: using SpringBootContextLoader
17:08:51.805 [main] DEBUG org.springframework.test.context.support.AbstractContextLoader -- Could not detect default resource locations for test class [com.lethanh.rentalhouse.RentalHouseApplicationTests]: no resource found for suffixes {-context.xml, Context.groovy}.
17:08:51.806 [main] INFO org.springframework.test.context.support.AnnotationConfigContextLoaderUtils -- Could not detect default configuration classes for test class [com.lethanh.rentalhouse.RentalHouseApplicationTests]: RentalHouseApplicationTests does not declare any static, non-private, non-final, nested classes annotated with @Configuration.
17:08:51.823 [main] DEBUG org.springframework.boot.test.context.SpringBootTestContextBootstrapper -- Using ContextCustomizers for test class [RentalHouseApplicationTests]: [ExcludeFilterContextCustomizer, DuplicateJsonObjectContextCustomizer, MockitoContextCustomizer, TestRestTemplateContextCustomizer, DisableObservabilityContextCustomizer, PropertyMappingContextCustomizer, Customizer]
17:08:51.888 [main] DEBUG org.springframework.context.annotation.ClassPathScanningCandidateComponentProvider -- Identified candidate component class: file [D:\lethanh\Backend\target\classes\com\lethanh\rentalhouse\RentalHouseApplication.class]
17:08:51.890 [main] INFO org.springframework.boot.test.context.SpringBootTestContextBootstrapper -- Found @SpringBootConfiguration com.lethanh.rentalhouse.RentalHouseApplication for test class com.lethanh.rentalhouse.RentalHouseApplicationTests
17:08:51.991 [main] DEBUG org.springframework.boot.test.context.SpringBootTestContextBootstrapper -- Using TestExecutionListeners for test class [RentalHouseApplicationTests]: [ServletTestExecutionListener, DirtiesContextBeforeModesTestExecutionListener, ApplicationEventsTestExecutionListener, MockitoTestExecutionListener, DependencyInjectionTestExecutionListener, DirtiesContextTestExecutionListener, TransactionalTestExecutionListener, SqlScriptsTestExecutionListener, EventPublishingTestExecutionListener, WithSecurityContextTestExecutionListener, ReactorContextTestExecutionListener, ResetMocksTestExecutionListener, RestDocsTestExecutionListener, MockRestServiceServerResetTestExecutionListener, MockMvcPrintOnlyOnFailureTestExecutionListener, WebDriverTestExecutionListener, MockWebServiceServerTestExecutionListener]
17:08:51.993 [main] DEBUG org.springframework.test.context.support.AbstractDirtiesContextTestExecutionListener -- Before test class: class [RentalHouseApplicationTests], class annotated with @DirtiesContext [false] with mode [null]

  .   ____          _            __ _ _
 /\\ / ___'_ __ _ _(_)_ __  __ _ \ \ \ \
( ( )\___ | '_ | '_| | '_ \/ _` | \ \ \ \
 \\/  ___)| |_)| | | | | || (_| |  ) ) ) )
  '  |____| .__|_| |_|_| |_\__, | / / / /
 =========|_|==============|___/=/_/_/_/
 :: Spring Boot ::                (v3.0.5)

2023-04-18T17:08:52.224+07:00  INFO 26084 --- [           main] c.l.r.RentalHouseApplicationTests        : Starting RentalHouseApplicationTests using Java 17.0.6 with PID 26084 (started by lethanh in D:\lethanh\Backend)
2023-04-18T17:08:52.225+07:00  INFO 26084 --- [           main] c.l.r.RentalHouseApplicationTests        : No active profile set, falling back to 1 default profile: "default"
2023-04-18T17:08:52.736+07:00  INFO 26084 --- [           main] .s.d.r.c.RepositoryConfigurationDelegate : Bootstrapping Spring Data JPA repositories in DEFAULT mode.
2023-04-18T17:08:52.828+07:00  INFO 26084 --- [           main] .s.d.r.c.RepositoryConfigurationDelegate : Finished Spring Data repository scanning in 83 ms. Found 14 JPA repository interfaces.
2023-04-18T17:08:53.269+07:00  INFO 26084 --- [           main] o.hibernate.jpa.internal.util.LogHelper  : HHH000204: Processing PersistenceUnitInfo [name: default]
2023-04-18T17:08:53.343+07:00  INFO 26084 --- [           main] org.hibernate.Version                    : HHH000412: Hibernate ORM core version 6.1.7.Final
2023-04-18T17:08:53.625+07:00  INFO 26084 --- [           main] com.zaxxer.hikari.HikariDataSource       : HikariPool-1 - Starting...
2023-04-18T17:08:53.799+07:00  INFO 26084 --- [           main] com.zaxxer.hikari.pool.HikariPool        : HikariPool-1 - Added connection com.mysql.cj.jdbc.ConnectionImpl@4a9b3956
2023-04-18T17:08:53.801+07:00  INFO 26084 --- [           main] com.zaxxer.hikari.HikariDataSource       : HikariPool-1 - Start completed.
2023-04-18T17:08:53.839+07:00  INFO 26084 --- [           main] SQL dialect                              : HHH000400: Using dialect: org.hibernate.dialect.MySQLDialect
2023-04-18T17:08:54.661+07:00  INFO 26084 --- [           main] o.h.e.t.j.p.i.JtaPlatformInitiator       : HHH000490: Using JtaPlatform implementation: [org.hibernate.engine.transaction.jta.platform.internal.NoJtaPlatform]
2023-04-18T17:08:54.669+07:00  INFO 26084 --- [           main] j.LocalContainerEntityManagerFactoryBean : Initialized JPA EntityManagerFactory for persistence unit 'default'
2023-04-18T17:08:55.474+07:00  WARN 26084 --- [           main] JpaBaseConfiguration$JpaWebConfiguration : spring.jpa.open-in-view is enabled by default. Therefore, database queries may be performed during view rendering. Explicitly configure spring.jpa.open-in-view to disable this warning
2023-04-18T17:08:55.846+07:00  INFO 26084 --- [           main] c.l.r.RentalHouseApplicationTests        : Started RentalHouseApplicationTests in 3.824 seconds (process running for 4.624)
]]></system-out>
  </testcase>
</testsuite>